<?xml version="1.0" encoding="UTF-8"?>
<coverage generated="1711404343855" clover="3.2.0">
  <project timestamp="1711404343856" name="All files">
    <metrics statements="17" coveredstatements="17" conditionals="3" coveredconditionals="2" methods="11" coveredmethods="11" elements="31" coveredelements="30" complexity="0" loc="17" ncloc="17" packages="1" files="5" classes="5"/>
    <file name="caesar_cipher.js" path="/home/vboxuser/repos/testing-practice/src/caesar_cipher.js">
      <metrics statements="9" coveredstatements="9" conditionals="3" coveredconditionals="2" methods="4" coveredmethods="4"/>
      <line num="2" count="4" type="stmt"/>
      <line num="3" count="4" type="stmt"/>
      <line num="4" count="104" type="stmt"/>
      <line num="6" count="4" type="stmt"/>
      <line num="7" count="4" type="stmt"/>
      <line num="8" count="104" type="stmt"/>
      <line num="10" count="4" type="stmt"/>
      <line num="11" count="4" type="stmt"/>
      <line num="12" count="41" type="cond" truecount="2" falsecount="0"/>
    </file>
    <file name="calculator.js" path="/home/vboxuser/repos/testing-practice/src/calculator.js">
      <metrics statements="5" coveredstatements="5" conditionals="0" coveredconditionals="0" methods="4" coveredmethods="4"/>
      <line num="1" count="1" type="stmt"/>
      <line num="3" count="1" type="stmt"/>
      <line num="6" count="1" type="stmt"/>
      <line num="9" count="1" type="stmt"/>
      <line num="12" count="1" type="stmt"/>
    </file>
    <file name="capitalize.js" path="/home/vboxuser/repos/testing-practice/src/capitalize.js">
      <metrics statements="1" coveredstatements="1" conditionals="0" coveredconditionals="0" methods="1" coveredmethods="1"/>
      <line num="2" count="3" type="stmt"/>
    </file>
    <file name="reverse_string.js" path="/home/vboxuser/repos/testing-practice/src/reverse_string.js">
      <metrics statements="1" coveredstatements="1" conditionals="0" coveredconditionals="0" methods="1" coveredmethods="1"/>
      <line num="2" count="3" type="stmt"/>
    </file>
    <file name="sum.js" path="/home/vboxuser/repos/testing-practice/src/sum.js">
      <metrics statements="1" coveredstatements="1" conditionals="0" coveredconditionals="0" methods="1" coveredmethods="1"/>
      <line num="2" count="1" type="stmt"/>
    </file>
  </project>
</coverage>
