{"/home/vboxuser/repos/testing-practice/src/caesar_cipher.js": {"path":"/home/vboxuser/repos/testing-practice/src/caesar_cipher.js","statementMap":{"0":{"start":{"line":2,"column":17},"end":{"line":2,"column":57}},"1":{"start":{"line":3,"column":17},"end":{"line":5,"column":3}},"2":{"start":{"line":4,"column":36},"end":{"line":4,"column":76}},"3":{"start":{"line":6,"column":2},"end":{"line":6,"column":54}},"4":{"start":{"line":7,"column":13},"end":{"line":9,"column":3}},"5":{"start":{"line":8,"column":36},"end":{"line":8,"column":76}},"6":{"start":{"line":10,"column":18},"end":{"line":10,"column":51}},"7":{"start":{"line":11,"column":2},"end":{"line":13,"column":14}},"8":{"start":{"line":12,"column":16},"end":{"line":12,"column":33}}},"fnMap":{"0":{"name":"caesarCipher","decl":{"start":{"line":1,"column":24},"end":{"line":1,"column":36}},"loc":{"start":{"line":1,"column":56},"end":{"line":14,"column":1}},"line":1},"1":{"name":"(anonymous_1)","decl":{"start":{"line":4,"column":17},"end":{"line":4,"column":18}},"loc":{"start":{"line":4,"column":36},"end":{"line":4,"column":76}},"line":4},"2":{"name":"(anonymous_2)","decl":{"start":{"line":8,"column":17},"end":{"line":8,"column":18}},"loc":{"start":{"line":8,"column":36},"end":{"line":8,"column":76}},"line":8},"3":{"name":"(anonymous_3)","decl":{"start":{"line":12,"column":9},"end":{"line":12,"column":10}},"loc":{"start":{"line":12,"column":16},"end":{"line":12,"column":33}},"line":12}},"branchMap":{"0":{"loc":{"start":{"line":1,"column":45},"end":{"line":1,"column":54}},"type":"default-arg","locations":[{"start":{"line":1,"column":53},"end":{"line":1,"column":54}}],"line":1},"1":{"loc":{"start":{"line":12,"column":16},"end":{"line":12,"column":33}},"type":"binary-expr","locations":[{"start":{"line":12,"column":16},"end":{"line":12,"column":28}},{"start":{"line":12,"column":32},"end":{"line":12,"column":33}}],"line":12}},"s":{"0":4,"1":4,"2":104,"3":4,"4":4,"5":104,"6":4,"7":4,"8":41},"f":{"0":4,"1":104,"2":104,"3":41},"b":{"0":[0],"1":[41,8]},"_coverageSchema":"1a1c01bbd47fc00a2c39e90264f33305004495a9","hash":"cf5490080869b6606d656bf6d84afe2210fcea08"}
,"/home/vboxuser/repos/testing-practice/src/calculator.js": {"path":"/home/vboxuser/repos/testing-practice/src/calculator.js","statementMap":{"0":{"start":{"line":1,"column":19},"end":{"line":14,"column":1}},"1":{"start":{"line":3,"column":4},"end":{"line":3,"column":17}},"2":{"start":{"line":6,"column":4},"end":{"line":6,"column":17}},"3":{"start":{"line":9,"column":4},"end":{"line":9,"column":17}},"4":{"start":{"line":12,"column":4},"end":{"line":12,"column":17}}},"fnMap":{"0":{"name":"(anonymous_0)","decl":{"start":{"line":2,"column":7},"end":{"line":2,"column":8}},"loc":{"start":{"line":2,"column":23},"end":{"line":4,"column":3}},"line":2},"1":{"name":"(anonymous_1)","decl":{"start":{"line":5,"column":12},"end":{"line":5,"column":13}},"loc":{"start":{"line":5,"column":28},"end":{"line":7,"column":3}},"line":5},"2":{"name":"(anonymous_2)","decl":{"start":{"line":8,"column":12},"end":{"line":8,"column":13}},"loc":{"start":{"line":8,"column":28},"end":{"line":10,"column":3}},"line":8},"3":{"name":"(anonymous_3)","decl":{"start":{"line":11,"column":10},"end":{"line":11,"column":11}},"loc":{"start":{"line":11,"column":26},"end":{"line":13,"column":3}},"line":11}},"branchMap":{},"s":{"0":1,"1":1,"2":1,"3":1,"4":1},"f":{"0":1,"1":1,"2":1,"3":1},"b":{},"_coverageSchema":"1a1c01bbd47fc00a2c39e90264f33305004495a9","hash":"484977fb797c8af8ecece50a04428fd62baade02"}
,"/home/vboxuser/repos/testing-practice/src/capitalize.js": {"path":"/home/vboxuser/repos/testing-practice/src/capitalize.js","statementMap":{"0":{"start":{"line":2,"column":2},"end":{"line":2,"column":54}}},"fnMap":{"0":{"name":"capitalize","decl":{"start":{"line":1,"column":9},"end":{"line":1,"column":19}},"loc":{"start":{"line":1,"column":26},"end":{"line":3,"column":1}},"line":1}},"branchMap":{},"s":{"0":3},"f":{"0":3},"b":{},"_coverageSchema":"1a1c01bbd47fc00a2c39e90264f33305004495a9","hash":"1e8eeaf311732ede625db5724bf678258c1d2001"}
,"/home/vboxuser/repos/testing-practice/src/reverse_string.js": {"path":"/home/vboxuser/repos/testing-practice/src/reverse_string.js","statementMap":{"0":{"start":{"line":2,"column":2},"end":{"line":2,"column":45}}},"fnMap":{"0":{"name":"reverseString","decl":{"start":{"line":1,"column":24},"end":{"line":1,"column":37}},"loc":{"start":{"line":1,"column":46},"end":{"line":3,"column":1}},"line":1}},"branchMap":{},"s":{"0":3},"f":{"0":3},"b":{},"_coverageSchema":"1a1c01bbd47fc00a2c39e90264f33305004495a9","hash":"fd21ea1a2505614d1bdd3d6087230f48090ece15"}
,"/home/vboxuser/repos/testing-practice/src/sum.js": {"path":"/home/vboxuser/repos/testing-practice/src/sum.js","statementMap":{"0":{"start":{"line":2,"column":2},"end":{"line":2,"column":15}}},"fnMap":{"0":{"name":"sum","decl":{"start":{"line":1,"column":9},"end":{"line":1,"column":12}},"loc":{"start":{"line":1,"column":19},"end":{"line":3,"column":1}},"line":1}},"branchMap":{},"s":{"0":1},"f":{"0":1},"b":{},"_coverageSchema":"1a1c01bbd47fc00a2c39e90264f33305004495a9","hash":"86a66ab67f671a6fa9c55000dfd85b8966ae27c1"}
}
