TN:
SF:src/calculator.js
FN:2,(anonymous_0)
FN:5,(anonymous_1)
FN:8,(anonymous_2)
FN:11,(anonymous_3)
FNF:4
FNH:4
FNDA:1,(anonymous_0)
FNDA:1,(anonymous_1)
FNDA:1,(anonymous_2)
FNDA:1,(anonymous_3)
DA:1,1
DA:3,1
DA:6,1
DA:9,1
DA:12,1
LF:5
LH:5
BRF:0
BRH:0
end_of_record
TN:
SF:src/capitalize.js
FN:1,capitalize
FNF:1
FNH:1
FNDA:3,capitalize
DA:2,3
LF:1
LH:1
BRF:0
BRH:0
end_of_record
TN:
SF:src/reverse_string.js
FN:1,reverseString
FNF:1
FNH:1
FNDA:3,reverseString
DA:2,3
LF:1
LH:1
BRF:0
BRH:0
end_of_record
TN:
SF:src/sum.js
FN:1,sum
FNF:1
FNH:1
FNDA:1,sum
DA:2,1
LF:1
LH:1
BRF:0
BRH:0
end_of_record
