TN:
SF:src/analyze_array.js
FN:1,(anonymous_0)
FN:10,sum
FN:12,(anonymous_2)
FNF:3
FNH:3
FNDA:2,(anonymous_0)
FNDA:2,sum
FNDA:8,(anonymous_2)
DA:2,2
DA:12,2
DA:13,8
DA:16,2
LF:4
LH:4
BRF:0
BRH:0
end_of_record
TN:
SF:src/caesar_cipher.js
FN:1,caesarCipher
FN:4,(anonymous_1)
FN:8,(anonymous_2)
FN:12,(anonymous_3)
FNF:4
FNH:4
FNDA:4,caesarCipher
FNDA:104,(anonymous_1)
FNDA:104,(anonymous_2)
FNDA:41,(anonymous_3)
DA:2,4
DA:3,4
DA:4,104
DA:6,4
DA:7,4
DA:8,104
DA:10,4
DA:11,4
DA:12,41
LF:9
LH:9
BRDA:1,0,0,0
BRDA:12,1,0,41
BRDA:12,1,1,8
BRF:3
BRH:2
end_of_record
TN:
SF:src/calculator.js
FN:2,(anonymous_0)
FN:5,(anonymous_1)
FN:8,(anonymous_2)
FN:11,(anonymous_3)
FNF:4
FNH:4
FNDA:1,(anonymous_0)
FNDA:1,(anonymous_1)
FNDA:1,(anonymous_2)
FNDA:1,(anonymous_3)
DA:1,1
DA:3,1
DA:6,1
DA:9,1
DA:12,1
LF:5
LH:5
BRF:0
BRH:0
end_of_record
TN:
SF:src/capitalize.js
FN:1,capitalize
FNF:1
FNH:1
FNDA:3,capitalize
DA:2,3
LF:1
LH:1
BRF:0
BRH:0
end_of_record
TN:
SF:src/reverse_string.js
FN:1,reverseString
FNF:1
FNH:1
FNDA:3,reverseString
DA:2,3
LF:1
LH:1
BRF:0
BRH:0
end_of_record
TN:
SF:src/sum.js
FN:1,sum
FNF:1
FNH:1
FNDA:1,sum
DA:2,1
LF:1
LH:1
BRF:0
BRH:0
end_of_record
